2018-03-22 16:00:22 [main] INFO  by.ryazantseva.multithreading.reader.DataFileReader File has been read successfully
2018-03-22 16:00:22 [Thread-1] INFO  by.ryazantseva.multithreading.entity.Ship Ship#1 is being in the pier#1 NOW
2018-03-22 16:00:22 [Thread-1] INFO  by.ryazantseva.multithreading.entity.Ship Ship#1 left the pier#1
2018-03-22 16:00:22 [Thread-2] INFO  by.ryazantseva.multithreading.entity.Ship Ship#2 is being in the pier#2 NOW
2018-03-22 16:00:22 [Thread-2] INFO  by.ryazantseva.multithreading.entity.Ship Ship#2 left the pier#2
2018-03-22 16:00:22 [Thread-3] INFO  by.ryazantseva.multithreading.entity.Ship Ship#3 is being in the pier#3 NOW
2018-03-22 16:00:22 [Thread-13] INFO  by.ryazantseva.multithreading.entity.Ship Ship#13 is being in the pier#1 NOW
2018-03-22 16:00:22 [Thread-5] INFO  by.ryazantseva.multithreading.entity.Ship Ship#5 is being in the pier#2 NOW
2018-03-22 16:00:22 [Thread-13] INFO  by.ryazantseva.multithreading.entity.Ship Ship#13 left the pier#1
2018-03-22 16:00:22 [Thread-3] INFO  by.ryazantseva.multithreading.entity.Ship Ship#3 left the pier#3
2018-03-22 16:00:22 [Thread-5] INFO  by.ryazantseva.multithreading.entity.Ship Ship#5 left the pier#2
2018-03-22 16:00:22 [Thread-10] INFO  by.ryazantseva.multithreading.entity.Ship Ship#10 is being in the pier#1 NOW
2018-03-22 16:00:22 [Thread-12] INFO  by.ryazantseva.multithreading.entity.Ship Ship#12 is being in the pier#2 NOW
2018-03-22 16:00:22 [Thread-10] INFO  by.ryazantseva.multithreading.entity.Ship Ship#10 left the pier#1
2018-03-22 16:00:22 [Thread-12] INFO  by.ryazantseva.multithreading.entity.Ship Ship#12 left the pier#2
2018-03-22 16:00:22 [Thread-14] INFO  by.ryazantseva.multithreading.entity.Ship Ship#14 is being in the pier#3 NOW
2018-03-22 16:00:22 [Thread-15] INFO  by.ryazantseva.multithreading.entity.Ship Ship#15 is being in the pier#1 NOW
2018-03-22 16:00:22 [Thread-14] INFO  by.ryazantseva.multithreading.entity.Ship Ship#14 left the pier#3
2018-03-22 16:00:22 [Thread-15] INFO  by.ryazantseva.multithreading.entity.Ship Ship#15 left the pier#1
2018-03-22 16:00:22 [Thread-16] INFO  by.ryazantseva.multithreading.entity.Ship Ship#16 is being in the pier#2 NOW
2018-03-22 16:00:22 [Thread-16] INFO  by.ryazantseva.multithreading.entity.Ship Ship#16 left the pier#2
2018-03-22 16:00:22 [Thread-19] INFO  by.ryazantseva.multithreading.entity.Ship Ship#19 is being in the pier#3 NOW
2018-03-22 16:00:22 [Thread-11] INFO  by.ryazantseva.multithreading.entity.Ship Ship#11 is being in the pier#1 NOW
2018-03-22 16:00:22 [Thread-19] INFO  by.ryazantseva.multithreading.entity.Ship Ship#19 left the pier#3
2018-03-22 16:00:22 [Thread-11] INFO  by.ryazantseva.multithreading.entity.Ship Ship#11 left the pier#1
2018-03-22 16:00:22 [Thread-20] INFO  by.ryazantseva.multithreading.entity.Ship Ship#20 is being in the pier#2 NOW
2018-03-22 16:00:22 [Thread-20] INFO  by.ryazantseva.multithreading.entity.Ship Ship#20 left the pier#2
2018-03-22 16:00:22 [Thread-4] INFO  by.ryazantseva.multithreading.entity.Ship Ship#4 is being in the pier#3 NOW
2018-03-22 16:00:22 [Thread-4] INFO  by.ryazantseva.multithreading.entity.Ship Ship#4 left the pier#3
2018-03-22 16:00:22 [Thread-17] INFO  by.ryazantseva.multithreading.entity.Ship Ship#17 is being in the pier#1 NOW
2018-03-22 16:00:22 [Thread-17] INFO  by.ryazantseva.multithreading.entity.Ship Ship#17 left the pier#1
2018-03-22 16:00:22 [Thread-18] INFO  by.ryazantseva.multithreading.entity.Ship Ship#18 is being in the pier#2 NOW
2018-03-22 16:00:22 [Thread-18] INFO  by.ryazantseva.multithreading.entity.Ship Ship#18 left the pier#2
2018-03-22 16:00:58 [main] INFO  by.ryazantseva.multithreading.reader.DataFileReader File has been read successfully
2018-03-22 16:00:58 [Thread-1] INFO  by.ryazantseva.multithreading.entity.Ship Ship#1 is being in the pier#1 NOW
2018-03-22 16:00:58 [Thread-1] INFO  by.ryazantseva.multithreading.entity.Ship Ship#1 left the pier#1
2018-03-22 16:00:58 [Thread-2] INFO  by.ryazantseva.multithreading.entity.Ship Ship#2 is being in the pier#2 NOW
2018-03-22 16:00:58 [Thread-2] INFO  by.ryazantseva.multithreading.entity.Ship Ship#2 left the pier#2
2018-03-22 16:00:58 [Thread-3] INFO  by.ryazantseva.multithreading.entity.Ship Ship#3 is being in the pier#3 NOW
2018-03-22 16:00:58 [Thread-3] INFO  by.ryazantseva.multithreading.entity.Ship Ship#3 left the pier#3
2018-03-22 16:00:58 [Thread-4] INFO  by.ryazantseva.multithreading.entity.Ship Ship#4 is being in the pier#1 NOW
2018-03-22 16:00:58 [Thread-4] INFO  by.ryazantseva.multithreading.entity.Ship Ship#4 left the pier#1
2018-03-22 16:00:58 [Thread-5] INFO  by.ryazantseva.multithreading.entity.Ship Ship#5 is being in the pier#2 NOW
2018-03-22 16:00:58 [Thread-5] INFO  by.ryazantseva.multithreading.entity.Ship Ship#5 left the pier#2
2018-03-22 16:00:58 [Thread-6] INFO  by.ryazantseva.multithreading.entity.Ship Ship#6 is being in the pier#3 NOW
2018-03-22 16:00:58 [Thread-6] INFO  by.ryazantseva.multithreading.entity.Ship Ship#6 left the pier#3
2018-03-22 16:00:58 [Thread-7] INFO  by.ryazantseva.multithreading.entity.Ship Ship#7 is being in the pier#1 NOW
2018-03-22 16:00:58 [Thread-7] INFO  by.ryazantseva.multithreading.entity.Ship Ship#7 left the pier#1
2018-03-22 16:00:58 [Thread-9] INFO  by.ryazantseva.multithreading.entity.Ship Ship#9 is being in the pier#2 NOW
2018-03-22 16:00:58 [Thread-9] INFO  by.ryazantseva.multithreading.entity.Ship Ship#9 left the pier#2
2018-03-22 16:00:58 [Thread-10] INFO  by.ryazantseva.multithreading.entity.Ship Ship#10 is being in the pier#3 NOW
2018-03-22 16:00:58 [Thread-10] INFO  by.ryazantseva.multithreading.entity.Ship Ship#10 left the pier#3
2018-03-22 16:00:58 [Thread-8] INFO  by.ryazantseva.multithreading.entity.Ship Ship#8 is being in the pier#1 NOW
2018-03-22 16:00:58 [Thread-8] INFO  by.ryazantseva.multithreading.entity.Ship Ship#8 left the pier#1
2018-03-22 16:00:58 [Thread-12] INFO  by.ryazantseva.multithreading.entity.Ship Ship#12 is being in the pier#2 NOW
2018-03-22 16:00:58 [Thread-13] INFO  by.ryazantseva.multithreading.entity.Ship Ship#13 is being in the pier#1 NOW
2018-03-22 16:00:58 [Thread-14] INFO  by.ryazantseva.multithreading.entity.Ship Ship#14 is being in the pier#3 NOW
2018-03-22 16:00:58 [Thread-14] INFO  by.ryazantseva.multithreading.entity.Ship Ship#14 left the pier#3
2018-03-22 16:00:58 [Thread-12] INFO  by.ryazantseva.multithreading.entity.Ship Ship#12 left the pier#2
2018-03-22 16:00:58 [Thread-13] INFO  by.ryazantseva.multithreading.entity.Ship Ship#13 left the pier#1
2018-03-22 16:00:58 [Thread-18] INFO  by.ryazantseva.multithreading.entity.Ship Ship#18 is being in the pier#3 NOW
2018-03-22 16:00:58 [Thread-16] INFO  by.ryazantseva.multithreading.entity.Ship Ship#16 is being in the pier#2 NOW
2018-03-22 16:00:58 [Thread-18] INFO  by.ryazantseva.multithreading.entity.Ship Ship#18 left the pier#3
2018-03-22 16:00:58 [Thread-19] INFO  by.ryazantseva.multithreading.entity.Ship Ship#19 is being in the pier#1 NOW
2018-03-22 16:00:58 [Thread-16] INFO  by.ryazantseva.multithreading.entity.Ship Ship#16 left the pier#2
2018-03-22 16:00:58 [Thread-19] INFO  by.ryazantseva.multithreading.entity.Ship Ship#19 left the pier#1
2018-03-22 16:00:58 [Thread-11] INFO  by.ryazantseva.multithreading.entity.Ship Ship#11 is being in the pier#2 NOW
2018-03-22 16:00:58 [Thread-20] INFO  by.ryazantseva.multithreading.entity.Ship Ship#20 is being in the pier#3 NOW
2018-03-22 16:00:58 [Thread-11] INFO  by.ryazantseva.multithreading.entity.Ship Ship#11 left the pier#2
2018-03-22 16:00:58 [Thread-20] INFO  by.ryazantseva.multithreading.entity.Ship Ship#20 left the pier#3
2018-03-22 16:01:37 [main] INFO  by.ryazantseva.multithreading.reader.DataFileReader File has been read successfully
2018-03-22 16:01:37 [Thread-1] INFO  by.ryazantseva.multithreading.entity.Ship Ship#1 is being in the pier#1 NOW
2018-03-22 16:01:37 [Thread-1] INFO  by.ryazantseva.multithreading.entity.Ship Ship#1 left the pier#1
2018-03-22 16:01:37 [Thread-2] INFO  by.ryazantseva.multithreading.entity.Ship Ship#2 is being in the pier#2 NOW
2018-03-22 16:01:37 [Thread-2] INFO  by.ryazantseva.multithreading.entity.Ship Ship#2 left the pier#2
2018-03-22 16:01:37 [Thread-3] INFO  by.ryazantseva.multithreading.entity.Ship Ship#3 is being in the pier#3 NOW
2018-03-22 16:01:37 [Thread-3] INFO  by.ryazantseva.multithreading.entity.Ship Ship#3 left the pier#3
2018-03-22 16:01:37 [Thread-4] INFO  by.ryazantseva.multithreading.entity.Ship Ship#4 is being in the pier#1 NOW
2018-03-22 16:01:37 [Thread-6] INFO  by.ryazantseva.multithreading.entity.Ship Ship#6 is being in the pier#2 NOW
2018-03-22 16:01:37 [Thread-6] INFO  by.ryazantseva.multithreading.entity.Ship Ship#6 left the pier#2
2018-03-22 16:01:37 [Thread-5] INFO  by.ryazantseva.multithreading.entity.Ship Ship#5 is being in the pier#3 NOW
2018-03-22 16:01:37 [Thread-4] INFO  by.ryazantseva.multithreading.entity.Ship Ship#4 left the pier#1
2018-03-22 16:01:37 [Thread-5] INFO  by.ryazantseva.multithreading.entity.Ship Ship#5 left the pier#3
2018-03-22 16:01:37 [Thread-8] INFO  by.ryazantseva.multithreading.entity.Ship Ship#8 is being in the pier#2 NOW
2018-03-22 16:01:37 [Thread-8] INFO  by.ryazantseva.multithreading.entity.Ship Ship#8 left the pier#2
2018-03-22 16:01:37 [Thread-9] INFO  by.ryazantseva.multithreading.entity.Ship Ship#9 is being in the pier#1 NOW
2018-03-22 16:01:37 [Thread-9] INFO  by.ryazantseva.multithreading.entity.Ship Ship#9 left the pier#1
2018-03-22 16:01:37 [Thread-10] INFO  by.ryazantseva.multithreading.entity.Ship Ship#10 is being in the pier#3 NOW
2018-03-22 16:01:37 [Thread-10] INFO  by.ryazantseva.multithreading.entity.Ship Ship#10 left the pier#3
2018-03-22 16:01:37 [Thread-11] INFO  by.ryazantseva.multithreading.entity.Ship Ship#11 is being in the pier#2 NOW
2018-03-22 16:01:37 [Thread-11] INFO  by.ryazantseva.multithreading.entity.Ship Ship#11 left the pier#2
2018-03-22 16:01:37 [Thread-13] INFO  by.ryazantseva.multithreading.entity.Ship Ship#13 is being in the pier#1 NOW
2018-03-22 16:01:37 [Thread-13] INFO  by.ryazantseva.multithreading.entity.Ship Ship#13 left the pier#1
2018-03-22 16:01:37 [Thread-14] INFO  by.ryazantseva.multithreading.entity.Ship Ship#14 is being in the pier#3 NOW
2018-03-22 16:01:37 [Thread-14] INFO  by.ryazantseva.multithreading.entity.Ship Ship#14 left the pier#3
2018-03-22 16:01:37 [Thread-15] INFO  by.ryazantseva.multithreading.entity.Ship Ship#15 is being in the pier#2 NOW
2018-03-22 16:01:37 [Thread-16] INFO  by.ryazantseva.multithreading.entity.Ship Ship#16 is being in the pier#1 NOW
2018-03-22 16:01:37 [Thread-15] INFO  by.ryazantseva.multithreading.entity.Ship Ship#15 left the pier#2
2018-03-22 16:01:37 [Thread-16] INFO  by.ryazantseva.multithreading.entity.Ship Ship#16 left the pier#1
2018-03-22 16:01:37 [Thread-18] INFO  by.ryazantseva.multithreading.entity.Ship Ship#18 is being in the pier#2 NOW
2018-03-22 16:01:37 [Thread-17] INFO  by.ryazantseva.multithreading.entity.Ship Ship#17 is being in the pier#3 NOW
2018-03-22 16:01:37 [Thread-17] INFO  by.ryazantseva.multithreading.entity.Ship Ship#17 left the pier#3
2018-03-22 16:01:37 [Thread-18] INFO  by.ryazantseva.multithreading.entity.Ship Ship#18 left the pier#2
2018-03-22 16:01:37 [Thread-19] INFO  by.ryazantseva.multithreading.entity.Ship Ship#19 is being in the pier#1 NOW
2018-03-22 16:01:37 [Thread-20] INFO  by.ryazantseva.multithreading.entity.Ship Ship#20 is being in the pier#3 NOW
2018-03-22 16:01:37 [Thread-19] INFO  by.ryazantseva.multithreading.entity.Ship Ship#19 left the pier#1
2018-03-22 16:01:37 [Thread-20] INFO  by.ryazantseva.multithreading.entity.Ship Ship#20 left the pier#3
2018-03-22 16:01:37 [Thread-12] INFO  by.ryazantseva.multithreading.entity.Ship Ship#12 is being in the pier#2 NOW
2018-03-22 16:01:37 [Thread-12] INFO  by.ryazantseva.multithreading.entity.Ship Ship#12 left the pier#2
2018-03-22 19:37:05 [main] INFO  by.ryazantseva.multithreading.reader.DataFileReader File has been read successfully
2018-03-22 19:40:30 [main] INFO  by.ryazantseva.multithreading.reader.DataFileReader File has been read successfully
2018-03-22 19:42:55 [main] INFO  by.ryazantseva.multithreading.reader.DataFileReader File has been read successfully
2018-03-22 19:42:55 [Thread-1] INFO  by.ryazantseva.multithreading.entity.Ship Ship#1 is being in the pier#1 NOW
2018-03-22 19:42:55 [Thread-1] INFO  by.ryazantseva.multithreading.entity.Ship Ship#1 left the pier#1
2018-03-22 19:42:55 [Thread-2] INFO  by.ryazantseva.multithreading.entity.Ship Ship#2 is being in the pier#2 NOW
2018-03-22 19:42:55 [Thread-2] INFO  by.ryazantseva.multithreading.entity.Ship Ship#2 left the pier#2
2018-03-22 19:42:55 [Thread-3] INFO  by.ryazantseva.multithreading.entity.Ship Ship#3 is being in the pier#3 NOW
2018-03-22 19:42:55 [Thread-6] INFO  by.ryazantseva.multithreading.entity.Ship Ship#6 is being in the pier#2 NOW
2018-03-22 19:42:55 [Thread-5] INFO  by.ryazantseva.multithreading.entity.Ship ALL PIERS ARE 
2018-03-22 19:42:55 [Thread-6] INFO  by.ryazantseva.multithreading.entity.Ship Ship#6 left the pier#2
2018-03-22 19:42:55 [Thread-7] INFO  by.ryazantseva.multithreading.entity.Ship ALL PIERS ARE 
2018-03-22 19:42:55 [Thread-3] INFO  by.ryazantseva.multithreading.entity.Ship Ship#3 left the pier#3
2018-03-22 19:42:55 [Thread-4] INFO  by.ryazantseva.multithreading.entity.Ship Ship#4 is being in the pier#1 NOW
2018-03-22 19:42:55 [Thread-4] INFO  by.ryazantseva.multithreading.entity.Ship Ship#4 left the pier#1
2018-03-22 19:42:55 [Thread-8] INFO  by.ryazantseva.multithreading.entity.Ship Ship#8 is being in the pier#2 NOW
2018-03-22 19:42:55 [Thread-8] INFO  by.ryazantseva.multithreading.entity.Ship Ship#8 left the pier#2
2018-03-22 19:42:55 [Thread-12] INFO  by.ryazantseva.multithreading.entity.Ship Ship#12 is being in the pier#3 NOW
2018-03-22 19:42:55 [Thread-12] INFO  by.ryazantseva.multithreading.entity.Ship Ship#12 left the pier#3
2018-03-22 19:42:55 [Thread-15] INFO  by.ryazantseva.multithreading.entity.Ship Ship#15 is being in the pier#1 NOW
2018-03-22 19:42:55 [Thread-15] INFO  by.ryazantseva.multithreading.entity.Ship Ship#15 left the pier#1
2018-03-22 19:42:55 [Thread-17] INFO  by.ryazantseva.multithreading.entity.Ship Ship#17 is being in the pier#2 NOW
2018-03-22 19:42:55 [Thread-17] INFO  by.ryazantseva.multithreading.entity.Ship Ship#17 left the pier#2
2018-03-22 19:42:55 [Thread-20] INFO  by.ryazantseva.multithreading.entity.Ship Ship#20 is being in the pier#3 NOW
2018-03-22 19:42:55 [Thread-20] INFO  by.ryazantseva.multithreading.entity.Ship Ship#20 left the pier#3
2018-03-22 19:42:55 [Thread-19] INFO  by.ryazantseva.multithreading.entity.Ship Ship#19 is being in the pier#1 NOW
2018-03-22 19:42:55 [Thread-19] INFO  by.ryazantseva.multithreading.entity.Ship Ship#19 left the pier#1
2018-03-22 19:42:55 [Thread-10] INFO  by.ryazantseva.multithreading.entity.Ship Ship#10 is being in the pier#2 NOW
2018-03-22 19:42:55 [Thread-13] INFO  by.ryazantseva.multithreading.entity.Ship Ship#13 is being in the pier#3 NOW
2018-03-22 19:42:55 [Thread-16] INFO  by.ryazantseva.multithreading.entity.Ship Ship#16 is being in the pier#1 NOW
2018-03-22 19:42:55 [Thread-13] INFO  by.ryazantseva.multithreading.entity.Ship Ship#13 left the pier#3
2018-03-22 19:42:55 [Thread-16] INFO  by.ryazantseva.multithreading.entity.Ship Ship#16 left the pier#1
2018-03-22 19:42:55 [Thread-10] INFO  by.ryazantseva.multithreading.entity.Ship Ship#10 left the pier#2
2018-03-22 19:42:55 [Thread-18] INFO  by.ryazantseva.multithreading.entity.Ship Ship#18 is being in the pier#3 NOW
2018-03-22 19:42:55 [Thread-11] INFO  by.ryazantseva.multithreading.entity.Ship Ship#11 is being in the pier#1 NOW
2018-03-22 19:42:55 [Thread-18] INFO  by.ryazantseva.multithreading.entity.Ship Ship#18 left the pier#3
2018-03-22 19:42:55 [Thread-11] INFO  by.ryazantseva.multithreading.entity.Ship Ship#11 left the pier#1
2018-03-22 19:42:55 [Thread-14] INFO  by.ryazantseva.multithreading.entity.Ship Ship#14 is being in the pier#2 NOW
2018-03-22 19:42:55 [Thread-14] INFO  by.ryazantseva.multithreading.entity.Ship Ship#14 left the pier#2
2018-03-22 19:42:55 [Thread-9] INFO  by.ryazantseva.multithreading.entity.Ship Ship#9 is being in the pier#3 NOW
2018-03-22 19:42:55 [Thread-9] INFO  by.ryazantseva.multithreading.entity.Ship Ship#9 left the pier#3
2018-03-26 14:41:38 [main] INFO  by.ryazantseva.multithreading.reader.DataFileReader File has been read successfully
2018-03-26 14:41:38 [Thread-1] INFO  by.ryazantseva.multithreading.entity.Ship Ship#1 is being in the pier#1 NOW
2018-03-26 14:41:38 [Thread-3] INFO  by.ryazantseva.multithreading.entity.Ship Ship#3 is being in the pier#3 NOW
2018-03-26 14:41:38 [Thread-2] INFO  by.ryazantseva.multithreading.entity.Ship Ship#2 is being in the pier#2 NOW
2018-03-26 14:41:38 [Thread-1] INFO  by.ryazantseva.multithreading.entity.Ship Ship#1 left the pier#1
2018-03-26 14:41:38 [Thread-3] INFO  by.ryazantseva.multithreading.entity.Ship Ship#3 left the pier#3
2018-03-26 14:41:38 [Thread-2] INFO  by.ryazantseva.multithreading.entity.Ship Ship#2 left the pier#2
2018-03-26 14:41:38 [Thread-4] INFO  by.ryazantseva.multithreading.entity.Ship Ship#4 is being in the pier#3 NOW
2018-03-26 14:41:38 [Thread-5] INFO  by.ryazantseva.multithreading.entity.Ship Ship#5 is being in the pier#1 NOW
2018-03-26 14:41:38 [Thread-6] INFO  by.ryazantseva.multithreading.entity.Ship Ship#6 is being in the pier#2 NOW
2018-03-26 14:41:38 [Thread-4] INFO  by.ryazantseva.multithreading.entity.Ship Ship#4 left the pier#3
2018-03-26 14:41:38 [Thread-5] INFO  by.ryazantseva.multithreading.entity.Ship Ship#5 left the pier#1
2018-03-26 14:41:38 [Thread-6] INFO  by.ryazantseva.multithreading.entity.Ship Ship#6 left the pier#2
2018-03-26 14:41:38 [Thread-8] INFO  by.ryazantseva.multithreading.entity.Ship Ship#8 is being in the pier#3 NOW
2018-03-26 14:41:38 [Thread-10] INFO  by.ryazantseva.multithreading.entity.Ship Ship#10 is being in the pier#1 NOW
2018-03-26 14:41:38 [Thread-8] INFO  by.ryazantseva.multithreading.entity.Ship Ship#8 left the pier#3
2018-03-26 14:41:38 [Thread-10] INFO  by.ryazantseva.multithreading.entity.Ship Ship#10 left the pier#1
2018-03-26 14:41:38 [Thread-9] INFO  by.ryazantseva.multithreading.entity.Ship Ship#9 is being in the pier#2 NOW
2018-03-26 14:41:38 [Thread-9] INFO  by.ryazantseva.multithreading.entity.Ship Ship#9 left the pier#2
2018-03-26 14:41:38 [Thread-11] INFO  by.ryazantseva.multithreading.entity.Ship Ship#11 is being in the pier#3 NOW
2018-03-26 14:41:38 [Thread-11] INFO  by.ryazantseva.multithreading.entity.Ship Ship#11 left the pier#3
2018-03-26 14:41:38 [Thread-12] INFO  by.ryazantseva.multithreading.entity.Ship Ship#12 is being in the pier#1 NOW
2018-03-26 14:41:38 [Thread-14] INFO  by.ryazantseva.multithreading.entity.Ship Ship#14 is being in the pier#2 NOW
2018-03-26 14:41:38 [Thread-12] INFO  by.ryazantseva.multithreading.entity.Ship Ship#12 left the pier#1
2018-03-26 14:41:38 [Thread-14] INFO  by.ryazantseva.multithreading.entity.Ship Ship#14 left the pier#2
2018-03-26 14:41:38 [Thread-15] INFO  by.ryazantseva.multithreading.entity.Ship Ship#15 is being in the pier#3 NOW
2018-03-26 14:41:38 [Thread-15] INFO  by.ryazantseva.multithreading.entity.Ship Ship#15 left the pier#3
2018-03-26 14:41:38 [Thread-13] INFO  by.ryazantseva.multithreading.entity.Ship Ship#13 is being in the pier#1 NOW
2018-03-26 14:41:38 [Thread-13] INFO  by.ryazantseva.multithreading.entity.Ship Ship#13 left the pier#1
2018-03-26 14:41:38 [Thread-18] INFO  by.ryazantseva.multithreading.entity.Ship Ship#18 is being in the pier#2 NOW
2018-03-26 14:41:38 [Thread-18] INFO  by.ryazantseva.multithreading.entity.Ship Ship#18 left the pier#2
2018-03-26 14:41:38 [Thread-7] INFO  by.ryazantseva.multithreading.entity.Ship Ship#7 is being in the pier#2 NOW
2018-03-26 14:41:38 [Thread-20] INFO  by.ryazantseva.multithreading.entity.Ship ALL PIERS ARE NOT AVAILABLE 
2018-03-26 14:41:38 [Thread-7] INFO  by.ryazantseva.multithreading.entity.Ship Ship#7 left the pier#2
2018-03-26 14:41:38 [Thread-16] INFO  by.ryazantseva.multithreading.entity.Ship ALL PIERS ARE NOT AVAILABLE 
2018-03-26 14:42:26 [main] INFO  by.ryazantseva.multithreading.reader.DataFileReader File has been read successfully
2018-03-26 14:42:26 [Thread-1] INFO  by.ryazantseva.multithreading.entity.Ship Ship#1 is being in the pier#1 NOW
2018-03-26 14:42:26 [Thread-19] INFO  by.ryazantseva.multithreading.entity.Ship ALL PIERS ARE NOT AVAILABLE 
2018-03-26 14:42:26 [Thread-20] INFO  by.ryazantseva.multithreading.entity.Ship ALL PIERS ARE NOT AVAILABLE 
2018-03-26 14:42:26 [Thread-18] INFO  by.ryazantseva.multithreading.entity.Ship ALL PIERS ARE NOT AVAILABLE 
2018-03-26 14:42:26 [Thread-16] INFO  by.ryazantseva.multithreading.entity.Ship ALL PIERS ARE NOT AVAILABLE 
2018-03-26 14:42:26 [Thread-17] INFO  by.ryazantseva.multithreading.entity.Ship ALL PIERS ARE NOT AVAILABLE 
2018-03-26 14:42:26 [Thread-15] INFO  by.ryazantseva.multithreading.entity.Ship ALL PIERS ARE NOT AVAILABLE 
2018-03-26 14:42:26 [Thread-14] INFO  by.ryazantseva.multithreading.entity.Ship ALL PIERS ARE NOT AVAILABLE 
2018-03-26 14:42:26 [Thread-9] INFO  by.ryazantseva.multithreading.entity.Ship ALL PIERS ARE NOT AVAILABLE 
2018-03-26 14:42:26 [Thread-10] INFO  by.ryazantseva.multithreading.entity.Ship ALL PIERS ARE NOT AVAILABLE 
2018-03-26 14:42:26 [Thread-13] INFO  by.ryazantseva.multithreading.entity.Ship ALL PIERS ARE NOT AVAILABLE 
2018-03-26 14:42:26 [Thread-12] INFO  by.ryazantseva.multithreading.entity.Ship ALL PIERS ARE NOT AVAILABLE 
2018-03-26 14:42:26 [Thread-11] INFO  by.ryazantseva.multithreading.entity.Ship ALL PIERS ARE NOT AVAILABLE 
2018-03-26 14:42:26 [Thread-8] INFO  by.ryazantseva.multithreading.entity.Ship ALL PIERS ARE NOT AVAILABLE 
2018-03-26 14:42:26 [Thread-7] INFO  by.ryazantseva.multithreading.entity.Ship ALL PIERS ARE NOT AVAILABLE 
2018-03-26 14:42:26 [Thread-6] INFO  by.ryazantseva.multithreading.entity.Ship ALL PIERS ARE NOT AVAILABLE 
2018-03-26 14:42:26 [Thread-5] INFO  by.ryazantseva.multithreading.entity.Ship ALL PIERS ARE NOT AVAILABLE 
2018-03-26 14:42:26 [Thread-4] INFO  by.ryazantseva.multithreading.entity.Ship ALL PIERS ARE NOT AVAILABLE 
2018-03-26 14:42:26 [Thread-3] INFO  by.ryazantseva.multithreading.entity.Ship Ship#3 is being in the pier#3 NOW
2018-03-26 14:42:26 [Thread-2] INFO  by.ryazantseva.multithreading.entity.Ship Ship#2 is being in the pier#2 NOW
2018-03-26 14:42:26 [Thread-1] INFO  by.ryazantseva.multithreading.entity.Ship Ship#1 left the pier#1
2018-03-26 14:42:26 [Thread-3] INFO  by.ryazantseva.multithreading.entity.Ship Ship#3 left the pier#3
2018-03-26 14:42:26 [Thread-2] INFO  by.ryazantseva.multithreading.entity.Ship Ship#2 left the pier#2
2018-03-26 14:42:38 [main] INFO  by.ryazantseva.multithreading.reader.DataFileReader File has been read successfully
2018-03-26 14:42:38 [Thread-2] INFO  by.ryazantseva.multithreading.entity.Ship Ship#2 is being in the pier#2 NOW
2018-03-26 14:42:38 [Thread-1] INFO  by.ryazantseva.multithreading.entity.Ship Ship#1 is being in the pier#1 NOW
2018-03-26 14:42:38 [Thread-2] INFO  by.ryazantseva.multithreading.entity.Ship Ship#2 left the pier#2
2018-03-26 14:42:38 [Thread-1] INFO  by.ryazantseva.multithreading.entity.Ship Ship#1 left the pier#1
2018-03-26 14:42:38 [Thread-3] INFO  by.ryazantseva.multithreading.entity.Ship Ship#3 is being in the pier#3 NOW
2018-03-26 14:42:38 [Thread-3] INFO  by.ryazantseva.multithreading.entity.Ship Ship#3 left the pier#3
2018-03-26 14:42:38 [Thread-4] INFO  by.ryazantseva.multithreading.entity.Ship Ship#4 is being in the pier#2 NOW
2018-03-26 14:42:38 [Thread-4] INFO  by.ryazantseva.multithreading.entity.Ship Ship#4 left the pier#2
2018-03-26 14:42:38 [Thread-5] INFO  by.ryazantseva.multithreading.entity.Ship Ship#5 is being in the pier#1 NOW
2018-03-26 14:42:38 [Thread-5] INFO  by.ryazantseva.multithreading.entity.Ship Ship#5 left the pier#1
2018-03-26 14:42:38 [Thread-6] INFO  by.ryazantseva.multithreading.entity.Ship Ship#6 is being in the pier#3 NOW
2018-03-26 14:42:38 [Thread-6] INFO  by.ryazantseva.multithreading.entity.Ship Ship#6 left the pier#3
2018-03-26 14:42:38 [Thread-7] INFO  by.ryazantseva.multithreading.entity.Ship Ship#7 is being in the pier#2 NOW
2018-03-26 14:42:38 [Thread-7] INFO  by.ryazantseva.multithreading.entity.Ship Ship#7 left the pier#2
2018-03-26 14:42:38 [Thread-8] INFO  by.ryazantseva.multithreading.entity.Ship Ship#8 is being in the pier#1 NOW
2018-03-26 14:42:38 [Thread-8] INFO  by.ryazantseva.multithreading.entity.Ship Ship#8 left the pier#1
2018-03-26 14:42:38 [Thread-11] INFO  by.ryazantseva.multithreading.entity.Ship Ship#11 is being in the pier#2 NOW
2018-03-26 14:42:38 [Thread-9] INFO  by.ryazantseva.multithreading.entity.Ship Ship#9 is being in the pier#3 NOW
2018-03-26 14:42:38 [Thread-9] INFO  by.ryazantseva.multithreading.entity.Ship Ship#9 left the pier#3
2018-03-26 14:42:38 [Thread-11] INFO  by.ryazantseva.multithreading.entity.Ship Ship#11 left the pier#2
2018-03-26 14:42:38 [Thread-10] INFO  by.ryazantseva.multithreading.entity.Ship Ship#10 is being in the pier#1 NOW
2018-03-26 14:42:38 [Thread-10] INFO  by.ryazantseva.multithreading.entity.Ship Ship#10 left the pier#1
2018-03-26 14:42:38 [Thread-12] INFO  by.ryazantseva.multithreading.entity.Ship Ship#12 is being in the pier#3 NOW
2018-03-26 14:42:38 [Thread-12] INFO  by.ryazantseva.multithreading.entity.Ship Ship#12 left the pier#3
2018-03-26 14:42:38 [Thread-15] INFO  by.ryazantseva.multithreading.entity.Ship Ship#15 is being in the pier#2 NOW
2018-03-26 14:42:38 [Thread-15] INFO  by.ryazantseva.multithreading.entity.Ship Ship#15 left the pier#2
2018-03-26 14:42:38 [Thread-20] INFO  by.ryazantseva.multithreading.entity.Ship Ship#20 is being in the pier#1 NOW
2018-03-26 14:42:38 [Thread-18] INFO  by.ryazantseva.multithreading.entity.Ship Ship#18 is being in the pier#2 NOW
2018-03-26 14:42:38 [Thread-20] INFO  by.ryazantseva.multithreading.entity.Ship Ship#20 left the pier#1
2018-03-26 14:42:38 [Thread-18] INFO  by.ryazantseva.multithreading.entity.Ship Ship#18 left the pier#2
2018-03-26 14:42:38 [Thread-19] INFO  by.ryazantseva.multithreading.entity.Ship Ship#19 is being in the pier#3 NOW
2018-03-26 14:42:38 [Thread-13] INFO  by.ryazantseva.multithreading.entity.Ship Ship#13 is being in the pier#1 NOW
2018-03-26 14:42:38 [Thread-13] INFO  by.ryazantseva.multithreading.entity.Ship Ship#13 left the pier#1
2018-03-26 14:42:38 [Thread-19] INFO  by.ryazantseva.multithreading.entity.Ship Ship#19 left the pier#3
2018-03-26 14:42:38 [Thread-14] INFO  by.ryazantseva.multithreading.entity.Ship Ship#14 is being in the pier#2 NOW
2018-03-26 14:42:38 [Thread-16] INFO  by.ryazantseva.multithreading.entity.Ship Ship#16 is being in the pier#1 NOW
2018-03-26 14:42:38 [Thread-14] INFO  by.ryazantseva.multithreading.entity.Ship Ship#14 left the pier#2
2018-03-26 14:42:38 [Thread-16] INFO  by.ryazantseva.multithreading.entity.Ship Ship#16 left the pier#1
2018-03-26 14:42:38 [Thread-17] INFO  by.ryazantseva.multithreading.entity.Ship Ship#17 is being in the pier#3 NOW
2018-03-26 14:42:39 [Thread-17] INFO  by.ryazantseva.multithreading.entity.Ship Ship#17 left the pier#3
